\BOOKMARK [1][-]{section*.1}{\376\377\000I\000n\000t\000r\000o\000d\000u\000c\000t\000i\000o\000n}{}% 1
\BOOKMARK [1][-]{section*.2}{\376\377\000S\000a\000m\000p\000l\000e\000s\000\040\000a\000n\000d\000\040\000e\000n\000v\000i\000r\000o\000n\000m\000e\000n\000t\000\040\000s\000e\000t\000t\000i\000n\000g\000s}{}% 2
\BOOKMARK [2][-]{section*.3}{\376\377\000E\000n\000v\000i\000r\000o\000n\000m\000e\000n\000t\000\040\000s\000e\000t\000t\000i\000n\000g\000s\000\040\000a\000n\000d\000\040\000i\000n\000p\000u\000t\000\040\000d\000a\000t\000a}{section*.2}% 3
\BOOKMARK [2][-]{section*.4}{\376\377\000R\000e\000q\000u\000i\000r\000e\000d\000\040\000p\000a\000c\000k\000a\000g\000e\000s\000\040\000a\000n\000d\000\040\000r\000e\000s\000o\000u\000r\000c\000e\000s}{section*.2}% 4
\BOOKMARK [2][-]{section*.5}{\376\377\000E\000x\000p\000e\000r\000i\000m\000e\000n\000t\000\040\000d\000e\000f\000i\000n\000i\000t\000i\000o\000n\000\040\000p\000r\000o\000v\000i\000d\000e\000d\000\040\000b\000y\000\040\000t\000a\000r\000g\000e\000t\000s\000\040\000f\000i\000l\000e}{section*.2}% 5
\BOOKMARK [1][-]{section*.6}{\376\377\000R\000e\000a\000d\000\040\000p\000r\000e\000p\000r\000o\000c\000e\000s\000s\000i\000n\000g}{}% 6
\BOOKMARK [2][-]{section*.7}{\376\377\000R\000e\000a\000d\000\040\000q\000u\000a\000l\000i\000t\000y\000\040\000f\000i\000l\000t\000e\000r\000i\000n\000g\000\040\000a\000n\000d\000\040\000t\000r\000i\000m\000m\000i\000n\000g}{section*.6}% 7
\BOOKMARK [2][-]{section*.8}{\376\377\000F\000A\000S\000T\000Q\000\040\000q\000u\000a\000l\000i\000t\000y\000\040\000r\000e\000p\000o\000r\000t}{section*.6}% 8
\BOOKMARK [1][-]{section*.9}{\376\377\000A\000l\000i\000g\000n\000m\000e\000n\000t\000s}{}% 9
\BOOKMARK [2][-]{section*.10}{\376\377\000R\000e\000a\000d\000\040\000m\000a\000p\000p\000i\000n\000g\000\040\000w\000i\000t\000h\000\040\000B\000o\000w\000t\000i\000e\0002\000/\000T\000o\000p\000h\000a\000t\0002}{section*.9}% 10
\BOOKMARK [2][-]{section*.11}{\376\377\000R\000e\000a\000d\000\040\000m\000a\000p\000p\000i\000n\000g\000\040\000w\000i\000t\000h\000\040\000H\000I\000S\000A\000T\0002}{section*.9}% 11
\BOOKMARK [2][-]{section*.12}{\376\377\000R\000e\000a\000d\000\040\000a\000n\000d\000\040\000a\000l\000i\000g\000n\000m\000e\000n\000t\000\040\000s\000t\000a\000t\000s}{section*.9}% 12
\BOOKMARK [2][-]{section*.13}{\376\377\000C\000r\000e\000a\000t\000e\000\040\000s\000y\000m\000b\000o\000l\000i\000c\000\040\000l\000i\000n\000k\000s\000\040\000f\000o\000r\000\040\000v\000i\000e\000w\000i\000n\000g\000\040\000B\000A\000M\000\040\000f\000i\000l\000e\000s\000\040\000i\000n\000\040\000I\000G\000V}{section*.9}% 13
\BOOKMARK [1][-]{section*.14}{\376\377\000R\000e\000a\000d\000\040\000q\000u\000a\000n\000t\000i\000f\000i\000c\000a\000t\000i\000o\000n}{}% 14
\BOOKMARK [2][-]{section*.15}{\376\377\000R\000e\000a\000d\000\040\000c\000o\000u\000n\000t\000i\000n\000g\000\040\000w\000i\000t\000h\000\040\000s\000u\000m\000m\000a\000r\000i\000z\000e\000O\000v\000e\000r\000l\000a\000p\000s\000\040\000i\000n\000\040\000p\000a\000r\000a\000l\000l\000e\000l\000\040\000m\000o\000d\000e\000\040\000u\000s\000i\000n\000g\000\040\000m\000u\000l\000t\000i\000p\000l\000e\000\040\000c\000o\000r\000e\000s}{section*.14}% 15
\BOOKMARK [2][-]{section*.16}{\376\377\000S\000a\000m\000p\000l\000e\000-\000w\000i\000s\000e\000\040\000c\000o\000r\000r\000e\000l\000a\000t\000i\000o\000n\000\040\000a\000n\000a\000l\000y\000s\000i\000s}{section*.14}% 16
\BOOKMARK [1][-]{section*.17}{\376\377\000A\000n\000a\000l\000y\000s\000i\000s\000\040\000o\000f\000\040\000D\000E\000G\000s}{}% 17
\BOOKMARK [2][-]{section*.18}{\376\377\000R\000u\000n\000\040\000e\000d\000g\000e\000R}{section*.17}% 18
\BOOKMARK [2][-]{section*.19}{\376\377\000P\000l\000o\000t\000\040\000D\000E\000G\000\040\000r\000e\000s\000u\000l\000t\000s}{section*.17}% 19
\BOOKMARK [2][-]{section*.20}{\376\377\000V\000e\000n\000n\000\040\000d\000i\000a\000g\000r\000a\000m\000s\000\040\000o\000f\000\040\000D\000E\000G\000\040\000s\000e\000t\000s}{section*.17}% 20
\BOOKMARK [1][-]{section*.21}{\376\377\000G\000O\000\040\000t\000e\000r\000m\000\040\000e\000n\000r\000i\000c\000h\000m\000e\000n\000t\000\040\000a\000n\000a\000l\000y\000s\000i\000s}{}% 21
\BOOKMARK [2][-]{section*.22}{\376\377\000O\000b\000t\000a\000i\000n\000\040\000g\000e\000n\000e\000-\000t\000o\000-\000G\000O\000\040\000m\000a\000p\000p\000i\000n\000g\000s}{section*.21}% 22
\BOOKMARK [2][-]{section*.23}{\376\377\000B\000a\000t\000c\000h\000\040\000G\000O\000\040\000t\000e\000r\000m\000\040\000e\000n\000r\000i\000c\000h\000m\000e\000n\000t\000\040\000a\000n\000a\000l\000y\000s\000i\000s}{section*.21}% 23
\BOOKMARK [2][-]{section*.24}{\376\377\000P\000l\000o\000t\000\040\000b\000a\000t\000c\000h\000\040\000G\000O\000\040\000t\000e\000r\000m\000\040\000r\000e\000s\000u\000l\000t\000s}{section*.21}% 24
\BOOKMARK [1][-]{section*.25}{\376\377\000C\000l\000u\000s\000t\000e\000r\000i\000n\000g\000\040\000a\000n\000d\000\040\000h\000e\000a\000t\000\040\000m\000a\000p\000s}{}% 25
\BOOKMARK [1][-]{section*.26}{\376\377\000V\000e\000r\000s\000i\000o\000n\000\040\000I\000n\000f\000o\000r\000m\000a\000t\000i\000o\000n}{}% 26
\BOOKMARK [1][-]{section*.27}{\376\377\000F\000u\000n\000d\000i\000n\000g}{}% 27
\BOOKMARK [1][-]{section*.28}{\376\377\000R\000e\000f\000e\000r\000e\000n\000c\000e\000s}{}% 28
